# JRE version: OpenJDK Runtime Environment Temurin-17.0.10+7 (17.0.10+7) (build 17.0.10+7)
# Java VM: OpenJDK 64-Bit Server VM Temurin-17.0.10+7 (17.0.10+7, mixed mode, tiered, compressed oops, compressed class ptrs, parallel gc, windows-amd64)
GC Precious Log:
 CPUs: 20 total, 20 available
 Memory: 32688M
 Large Page Support: Disabled
 NUMA Support: Disabled
 Compressed Oops: Enabled (32-bit)
 Alignments: Space 512K, Generation 512K, Heap 2M
 Heap Min Capacity: 100M
 Heap Initial Capacity: 100M
 Heap Max Capacity: 1G
 Pre-touch: Disabled
 Parallel Workers: 15
Heap:
 PSYoungGen      total 2048K, used 2024K [0x00000000eab00000, 0x00000000eb080000, 0x0000000100000000)
  eden space 1536K, 100% used [0x00000000eab00000,0x00000000eac80000,0x00000000eac80000)
  from space 512K, 95% used [0x00000000ead00000,0x00000000ead7a030,0x00000000ead80000)
  to   space 2048K, 84% used [0x00000000eae80000,0x00000000eb030000,0x00000000eb080000)
 ParOldGen       total 145920K, used 134217K [0x00000000c0000000, 0x00000000c8e80000, 0x00000000eab00000)
  object space 145920K, 91% used [0x00000000c0000000,0x00000000c8312588,0x00000000c8e80000)
 Metaspace       used 101496K, committed 102784K, reserved 1179648K
  class space    used 9752K, committed 10368K, reserved 1048576K
GC Heap History (20 events):
Event: 15520.663 GC heap after
{Heap after GC invocations=38734 (full 1020):
 PSYoungGen      total 2560K, used 864K [0x00000000eab00000, 0x00000000eae80000, 0x0000000100000000)
  eden space 1536K, 0% used [0x00000000eab00000,0x00000000eab00000,0x00000000eac80000)
  from space 1024K, 84% used [0x00000000ead80000,0x00000000eae58000,0x00000000eae80000)
  to   space 1024K, 0% used [0x00000000eac80000,0x00000000eac80000,0x00000000ead80000)
 ParOldGen       total 145920K, used 129405K [0x00000000c0000000, 0x00000000c8e80000, 0x00000000eab00000)
  object space 145920K, 88% used [0x00000000c0000000,0x00000000c7e5f6a8,0x00000000c8e80000)
 Metaspace       used 101496K, committed 102784K, reserved 1179648K
  class space    used 9752K, committed 10368K, reserved 1048576K
}
Event: 15520.666 GC heap before
{Heap before GC invocations=38735 (full 1020):
 PSYoungGen      total 2560K, used 2400K [0x00000000eab00000, 0x00000000eae80000, 0x0000000100000000)
  eden space 1536K, 100% used [0x00000000eab00000,0x00000000eac80000,0x00000000eac80000)
  from space 1024K, 84% used [0x00000000ead80000,0x00000000eae58000,0x00000000eae80000)
  to   space 1024K, 0% used [0x00000000eac80000,0x00000000eac80000,0x00000000ead80000)
 ParOldGen       total 145920K, used 129405K [0x00000000c0000000, 0x00000000c8e80000, 0x00000000eab00000)
  object space 145920K, 88% used [0x00000000c0000000,0x00000000c7e5f6a8,0x00000000c8e80000)
 Metaspace       used 101496K, committed 102784K, reserved 1179648K
  class space    used 9752K, committed 10368K, reserved 1048576K
}
Event: 15520.666 GC heap after
{Heap after GC invocations=38735 (full 1020):
 PSYoungGen      total 2560K, used 800K [0x00000000eab00000, 0x00000000eae80000, 0x0000000100000000)
  eden space 1536K, 0% used [0x00000000eab00000,0x00000000eab00000,0x00000000eac80000)
  from space 1024K, 78% used [0x00000000eac80000,0x00000000ead48000,0x00000000ead80000)
  to   space 1024K, 0% used [0x00000000ead80000,0x00000000ead80000,0x00000000eae80000)
 ParOldGen       total 145920K, used 130022K [0x00000000c0000000, 0x00000000c8e80000, 0x00000000eab00000)
  object space 145920K, 89% used [0x00000000c0000000,0x00000000c7ef9bf0,0x00000000c8e80000)
 Metaspace       used 101496K, committed 102784K, reserved 1179648K
  class space    used 9752K, committed 10368K, reserved 1048576K
}
Event: 15520.921 GC heap before
{Heap before GC invocations=38736 (full 1020):
 PSYoungGen      total 2560K, used 2336K [0x00000000eab00000, 0x00000000eae80000, 0x0000000100000000)
  eden space 1536K, 100% used [0x00000000eab00000,0x00000000eac80000,0x00000000eac80000)
  from space 1024K, 78% used [0x00000000eac80000,0x00000000ead48000,0x00000000ead80000)
  to   space 1024K, 0% used [0x00000000ead80000,0x00000000ead80000,0x00000000eae80000)
 ParOldGen       total 145920K, used 130022K [0x00000000c0000000, 0x00000000c8e80000, 0x00000000eab00000)
  object space 145920K, 89% used [0x00000000c0000000,0x00000000c7ef9bf0,0x00000000c8e80000)
 Metaspace       used 101496K, committed 102784K, reserved 1179648K
  class space    used 9752K, committed 10368K, reserved 1048576K
}
Event: 15520.921 GC heap after
{Heap after GC invocations=38736 (full 1020):
 PSYoungGen      total 2560K, used 752K [0x00000000eab00000, 0x00000000eae80000, 0x0000000100000000)
  eden space 1536K, 0% used [0x00000000eab00000,0x00000000eab00000,0x00000000eac80000)
  from space 1024K, 73% used [0x00000000ead80000,0x00000000eae3c030,0x00000000eae80000)
  to   space 1024K, 0% used [0x00000000eac80000,0x00000000eac80000,0x00000000ead80000)
 ParOldGen       total 145920K, used 130591K [0x00000000c0000000, 0x00000000c8e80000, 0x00000000eab00000)
  object space 145920K, 89% used [0x00000000c0000000,0x00000000c7f87c00,0x00000000c8e80000)
 Metaspace       used 101496K, committed 102784K, reserved 1179648K
  class space    used 9752K, committed 10368K, reserved 1048576K
}
Event: 15520.923 GC heap before
{Heap before GC invocations=38737 (full 1020):
 PSYoungGen      total 2560K, used 2288K [0x00000000eab00000, 0x00000000eae80000, 0x0000000100000000)
  eden space 1536K, 99% used [0x00000000eab00000,0x00000000eac7fff8,0x00000000eac80000)
  from space 1024K, 73% used [0x00000000ead80000,0x00000000eae3c030,0x00000000eae80000)
  to   space 1024K, 0% used [0x00000000eac80000,0x00000000eac80000,0x00000000ead80000)
 ParOldGen       total 145920K, used 130591K [0x00000000c0000000, 0x00000000c8e80000, 0x00000000eab00000)
  object space 145920K, 89% used [0x00000000c0000000,0x00000000c7f87c00,0x00000000c8e80000)
 Metaspace       used 101496K, committed 102784K, reserved 1179648K
  class space    used 9752K, committed 10368K, reserved 1048576K
}
Event: 15520.923 GC heap after
{Heap after GC invocations=38737 (full 1020):
 PSYoungGen      total 2560K, used 864K [0x00000000eab00000, 0x00000000eae80000, 0x0000000100000000)
  eden space 1536K, 0% used [0x00000000eab00000,0x00000000eab00000,0x00000000eac80000)
  from space 1024K, 84% used [0x00000000eac80000,0x00000000ead58000,0x00000000ead80000)
  to   space 1024K, 0% used [0x00000000ead80000,0x00000000ead80000,0x00000000eae80000)
 ParOldGen       total 145920K, used 131127K [0x00000000c0000000, 0x00000000c8e80000, 0x00000000eab00000)
  object space 145920K, 89% used [0x00000000c0000000,0x00000000c800de98,0x00000000c8e80000)
 Metaspace       used 101496K, committed 102784K, reserved 1179648K
  class space    used 9752K, committed 10368K, reserved 1048576K
}
Event: 15520.926 GC heap before
{Heap before GC invocations=38738 (full 1020):
 PSYoungGen      total 2560K, used 2400K [0x00000000eab00000, 0x00000000eae80000, 0x0000000100000000)
  eden space 1536K, 100% used [0x00000000eab00000,0x00000000eac80000,0x00000000eac80000)
  from space 1024K, 84% used [0x00000000eac80000,0x00000000ead58000,0x00000000ead80000)
  to   space 1024K, 0% used [0x00000000ead80000,0x00000000ead80000,0x00000000eae80000)
 ParOldGen       total 145920K, used 131127K [0x00000000c0000000, 0x00000000c8e80000, 0x00000000eab00000)
  object space 145920K, 89% used [0x00000000c0000000,0x00000000c800de98,0x00000000c8e80000)
 Metaspace       used 101496K, committed 102784K, reserved 1179648K
  class space    used 9752K, committed 10368K, reserved 1048576K
}
Event: 15520.926 GC heap after
{Heap after GC invocations=38738 (full 1020):
 PSYoungGen      total 2560K, used 800K [0x00000000eab00000, 0x00000000eae80000, 0x0000000100000000)
  eden space 1536K, 0% used [0x00000000eab00000,0x00000000eab00000,0x00000000eac80000)
  from space 1024K, 78% used [0x00000000ead80000,0x00000000eae48000,0x00000000eae80000)
  to   space 1024K, 0% used [0x00000000eac80000,0x00000000eac80000,0x00000000ead80000)
 ParOldGen       total 145920K, used 131746K [0x00000000c0000000, 0x00000000c8e80000, 0x00000000eab00000)
  object space 145920K, 90% used [0x00000000c0000000,0x00000000c80a8a78,0x00000000c8e80000)
 Metaspace       used 101496K, committed 102784K, reserved 1179648K
  class space    used 9752K, committed 10368K, reserved 1048576K
}
Event: 15520.928 GC heap before
{Heap before GC invocations=38739 (full 1020):
 PSYoungGen      total 2560K, used 2336K [0x00000000eab00000, 0x00000000eae80000, 0x0000000100000000)
  eden space 1536K, 100% used [0x00000000eab00000,0x00000000eac80000,0x00000000eac80000)
  from space 1024K, 78% used [0x00000000ead80000,0x00000000eae48000,0x00000000eae80000)
  to   space 1024K, 0% used [0x00000000eac80000,0x00000000eac80000,0x00000000ead80000)
 ParOldGen       total 145920K, used 131746K [0x00000000c0000000, 0x00000000c8e80000, 0x00000000eab00000)
  object space 145920K, 90% used [0x00000000c0000000,0x00000000c80a8a78,0x00000000c8e80000)
 Metaspace       used 101496K, committed 102784K, reserved 1179648K
  class space    used 9752K, committed 10368K, reserved 1048576K
}
Event: 15520.928 GC heap after
{Heap after GC invocations=38739 (full 1020):
 PSYoungGen      total 2560K, used 544K [0x00000000eab00000, 0x00000000eae80000, 0x0000000100000000)
  eden space 1536K, 0% used [0x00000000eab00000,0x00000000eab00000,0x00000000eac80000)
  from space 1024K, 53% used [0x00000000eac80000,0x00000000ead08000,0x00000000ead80000)
  to   space 1024K, 0% used [0x00000000ead80000,0x00000000ead80000,0x00000000eae80000)
 ParOldGen       total 145920K, used 132321K [0x00000000c0000000, 0x00000000c8e80000, 0x00000000eab00000)
  object space 145920K, 90% used [0x00000000c0000000,0x00000000c8138480,0x00000000c8e80000)
 Metaspace       used 101496K, committed 102784K, reserved 1179648K
  class space    used 9752K, committed 10368K, reserved 1048576K
}
Event: 15520.931 GC heap before
{Heap before GC invocations=38740 (full 1020):
 PSYoungGen      total 2560K, used 2080K [0x00000000eab00000, 0x00000000eae80000, 0x0000000100000000)
  eden space 1536K, 100% used [0x00000000eab00000,0x00000000eac80000,0x00000000eac80000)
  from space 1024K, 53% used [0x00000000eac80000,0x00000000ead08000,0x00000000ead80000)
  to   space 1024K, 0% used [0x00000000ead80000,0x00000000ead80000,0x00000000eae80000)
 ParOldGen       total 145920K, used 132321K [0x00000000c0000000, 0x00000000c8e80000, 0x00000000eab00000)
  object space 145920K, 90% used [0x00000000c0000000,0x00000000c8138480,0x00000000c8e80000)
 Metaspace       used 101496K, committed 102784K, reserved 1179648K
  class space    used 9752K, committed 10368K, reserved 1048576K
}
Event: 15520.931 GC heap after
{Heap after GC invocations=38740 (full 1020):
 PSYoungGen      total 2048K, used 352K [0x00000000eab00000, 0x00000000eae00000, 0x0000000100000000)
  eden space 1536K, 0% used [0x00000000eab00000,0x00000000eab00000,0x00000000eac80000)
  from space 512K, 68% used [0x00000000ead80000,0x00000000eadd8000,0x00000000eae00000)
  to   space 512K, 0% used [0x00000000ead00000,0x00000000ead00000,0x00000000ead80000)
 ParOldGen       total 145920K, used 132481K [0x00000000c0000000, 0x00000000c8e80000, 0x00000000eab00000)
  object space 145920K, 90% used [0x00000000c0000000,0x00000000c8160528,0x00000000c8e80000)
 Metaspace       used 101496K, committed 102784K, reserved 1179648K
  class space    used 9752K, committed 10368K, reserved 1048576K
}
Event: 15521.070 GC heap before
{Heap before GC invocations=38741 (full 1020):
 PSYoungGen      total 2048K, used 1888K [0x00000000eab00000, 0x00000000eae00000, 0x0000000100000000)
  eden space 1536K, 100% used [0x00000000eab00000,0x00000000eac80000,0x00000000eac80000)
  from space 512K, 68% used [0x00000000ead80000,0x00000000eadd8000,0x00000000eae00000)
  to   space 512K, 0% used [0x00000000ead00000,0x00000000ead00000,0x00000000ead80000)
 ParOldGen       total 145920K, used 132481K [0x00000000c0000000, 0x00000000c8e80000, 0x00000000eab00000)
  object space 145920K, 90% used [0x00000000c0000000,0x00000000c8160528,0x00000000c8e80000)
 Metaspace       used 101496K, committed 102784K, reserved 1179648K
  class space    used 9752K, committed 10368K, reserved 1048576K
}
Event: 15521.070 GC heap after
{Heap after GC invocations=38741 (full 1020):
 PSYoungGen      total 2048K, used 448K [0x00000000eab00000, 0x00000000eae00000, 0x0000000100000000)
  eden space 1536K, 0% used [0x00000000eab00000,0x00000000eab00000,0x00000000eac80000)
  from space 512K, 87% used [0x00000000ead00000,0x00000000ead70000,0x00000000ead80000)
  to   space 512K, 0% used [0x00000000ead80000,0x00000000ead80000,0x00000000eae00000)
 ParOldGen       total 145920K, used 132553K [0x00000000c0000000, 0x00000000c8e80000, 0x00000000eab00000)
  object space 145920K, 90% used [0x00000000c0000000,0x00000000c8172528,0x00000000c8e80000)
 Metaspace       used 101496K, committed 102784K, reserved 1179648K
  class space    used 9752K, committed 10368K, reserved 1048576K
}
Event: 15521.080 GC heap before
{Heap before GC invocations=38742 (full 1020):
 PSYoungGen      total 2048K, used 1984K [0x00000000eab00000, 0x00000000eae00000, 0x0000000100000000)
  eden space 1536K, 100% used [0x00000000eab00000,0x00000000eac80000,0x00000000eac80000)
  from space 512K, 87% used [0x00000000ead00000,0x00000000ead70000,0x00000000ead80000)
  to   space 512K, 0% used [0x00000000ead80000,0x00000000ead80000,0x00000000eae00000)
 ParOldGen       total 145920K, used 132553K [0x00000000c0000000, 0x00000000c8e80000, 0x00000000eab00000)
  object space 145920K, 90% used [0x00000000c0000000,0x00000000c8172528,0x00000000c8e80000)
 Metaspace       used 101496K, committed 102784K, reserved 1179648K
  class space    used 9752K, committed 10368K, reserved 1048576K
}
Event: 15521.080 GC heap after
{Heap after GC invocations=38742 (full 1020):
 PSYoungGen      total 2048K, used 448K [0x00000000eab00000, 0x00000000eae00000, 0x0000000100000000)
  eden space 1536K, 0% used [0x00000000eab00000,0x00000000eab00000,0x00000000eac80000)
  from space 512K, 87% used [0x00000000ead80000,0x00000000eadf0000,0x00000000eae00000)
  to   space 512K, 0% used [0x00000000ead00000,0x00000000ead00000,0x00000000ead80000)
 ParOldGen       total 145920K, used 132617K [0x00000000c0000000, 0x00000000c8e80000, 0x00000000eab00000)
  object space 145920K, 90% used [0x00000000c0000000,0x00000000c8182528,0x00000000c8e80000)
 Metaspace       used 101496K, committed 102784K, reserved 1179648K
  class space    used 9752K, committed 10368K, reserved 1048576K
}
Event: 15521.082 GC heap before
{Heap before GC invocations=38743 (full 1020):
 PSYoungGen      total 2048K, used 1984K [0x00000000eab00000, 0x00000000eae00000, 0x0000000100000000)
  eden space 1536K, 100% used [0x00000000eab00000,0x00000000eac80000,0x00000000eac80000)
  from space 512K, 87% used [0x00000000ead80000,0x00000000eadf0000,0x00000000eae00000)
  to   space 512K, 0% used [0x00000000ead00000,0x00000000ead00000,0x00000000ead80000)
 ParOldGen       total 145920K, used 132617K [0x00000000c0000000, 0x00000000c8e80000, 0x00000000eab00000)
  object space 145920K, 90% used [0x00000000c0000000,0x00000000c8182528,0x00000000c8e80000)
 Metaspace       used 101496K, committed 102784K, reserved 1179648K
  class space    used 9752K, committed 10368K, reserved 1048576K
}
Event: 15521.083 GC heap after
{Heap after GC invocations=38743 (full 1020):
 PSYoungGen      total 2048K, used 488K [0x00000000eab00000, 0x00000000eb080000, 0x0000000100000000)
  eden space 1536K, 0% used [0x00000000eab00000,0x00000000eab00000,0x00000000eac80000)
  from space 512K, 95% used [0x00000000ead00000,0x00000000ead7a030,0x00000000ead80000)
  to   space 2048K, 0% used [0x00000000eae80000,0x00000000eae80000,0x00000000eb080000)
 ParOldGen       total 145920K, used 133665K [0x00000000c0000000, 0x00000000c8e80000, 0x00000000eab00000)
  object space 145920K, 91% used [0x00000000c0000000,0x00000000c8288558,0x00000000c8e80000)
 Metaspace       used 101496K, committed 102784K, reserved 1179648K
  class space    used 9752K, committed 10368K, reserved 1048576K
}
Event: 15521.084 GC heap before
{Heap before GC invocations=38744 (full 1020):
 PSYoungGen      total 2048K, used 2024K [0x00000000eab00000, 0x00000000eb080000, 0x0000000100000000)
  eden space 1536K, 100% used [0x00000000eab00000,0x00000000eac80000,0x00000000eac80000)
  from space 512K, 95% used [0x00000000ead00000,0x00000000ead7a030,0x00000000ead80000)
  to   space 2048K, 0% used [0x00000000eae80000,0x00000000eae80000,0x00000000eb080000)
 ParOldGen       total 145920K, used 133665K [0x00000000c0000000, 0x00000000c8e80000, 0x00000000eab00000)
  object space 145920K, 91% used [0x00000000c0000000,0x00000000c8288558,0x00000000c8e80000)
 Metaspace       used 101496K, committed 102784K, reserved 1179648K
  class space    used 9752K, committed 10368K, reserved 1048576K
}

