# JRE version: OpenJDK Runtime Environment Temurin-17.0.10+7 (17.0.10+7) (build 17.0.10+7)
# Java VM: OpenJDK 64-Bit Server VM Temurin-17.0.10+7 (17.0.10+7, mixed mode, tiered, compressed oops, compressed class ptrs, parallel gc, windows-amd64)
GC Precious Log:
 CPUs: 20 total, 20 available
 Memory: 32688M
 Large Page Support: Disabled
 NUMA Support: Disabled
 Compressed Oops: Enabled (32-bit)
 Alignments: Space 512K, Generation 512K, Heap 2M
 Heap Min Capacity: 100M
 Heap Initial Capacity: 100M
 Heap Max Capacity: 1G
 Pre-touch: Disabled
 Parallel Workers: 15
Heap:
 PSYoungGen      total 12288K, used 12241K [0x00000000eab00000, 0x00000000ebd00000, 0x0000000100000000)
  eden space 8192K, 100% used [0x00000000eab00000,0x00000000eb300000,0x00000000eb300000)
  from space 4096K, 98% used [0x00000000eb900000,0x00000000ebcf44d8,0x00000000ebd00000)
  to   space 5120K, 70% used [0x00000000eb300000,0x00000000eb68c090,0x00000000eb800000)
 ParOldGen       total 112640K, used 106497K [0x00000000c0000000, 0x00000000c6e00000, 0x00000000eab00000)
  object space 112640K, 94% used [0x00000000c0000000,0x00000000c68006a8,0x00000000c6e00000)
 Metaspace       used 93082K, committed 94272K, reserved 1179648K
  class space    used 9391K, committed 9920K, reserved 1048576K
GC Heap History (20 events):
Event: 7395.696 GC heap after
{Heap after GC invocations=2820 (full 55):
 PSYoungGen      total 15360K, used 7138K [0x00000000eab00000, 0x00000000ec500000, 0x0000000100000000)
  eden space 8192K, 0% used [0x00000000eab00000,0x00000000eab00000,0x00000000eb300000)
  from space 7168K, 99% used [0x00000000eb300000,0x00000000eb9f8990,0x00000000eba00000)
  to   space 9216K, 0% used [0x00000000ebc00000,0x00000000ebc00000,0x00000000ec500000)
 ParOldGen       total 112640K, used 100798K [0x00000000c0000000, 0x00000000c6e00000, 0x00000000eab00000)
  object space 112640K, 89% used [0x00000000c0000000,0x00000000c626f9f0,0x00000000c6e00000)
 Metaspace       used 93079K, committed 94272K, reserved 1179648K
  class space    used 9391K, committed 9920K, reserved 1048576K
}
Event: 7395.707 GC heap before
{Heap before GC invocations=2821 (full 55):
 PSYoungGen      total 15360K, used 15330K [0x00000000eab00000, 0x00000000ec500000, 0x0000000100000000)
  eden space 8192K, 100% used [0x00000000eab00000,0x00000000eb300000,0x00000000eb300000)
  from space 7168K, 99% used [0x00000000eb300000,0x00000000eb9f8990,0x00000000eba00000)
  to   space 9216K, 0% used [0x00000000ebc00000,0x00000000ebc00000,0x00000000ec500000)
 ParOldGen       total 112640K, used 100798K [0x00000000c0000000, 0x00000000c6e00000, 0x00000000eab00000)
  object space 112640K, 89% used [0x00000000c0000000,0x00000000c626f9f0,0x00000000c6e00000)
 Metaspace       used 93080K, committed 94272K, reserved 1179648K
  class space    used 9391K, committed 9920K, reserved 1048576K
}
Event: 7395.708 GC heap after
{Heap after GC invocations=2821 (full 55):
 PSYoungGen      total 14848K, used 6386K [0x00000000eab00000, 0x00000000ec280000, 0x0000000100000000)
  eden space 8192K, 0% used [0x00000000eab00000,0x00000000eab00000,0x00000000eb300000)
  from space 6656K, 95% used [0x00000000ebc00000,0x00000000ec23c980,0x00000000ec280000)
  to   space 7680K, 0% used [0x00000000eb380000,0x00000000eb380000,0x00000000ebb00000)
 ParOldGen       total 112640K, used 102585K [0x00000000c0000000, 0x00000000c6e00000, 0x00000000eab00000)
  object space 112640K, 91% used [0x00000000c0000000,0x00000000c642e6c0,0x00000000c6e00000)
 Metaspace       used 93080K, committed 94272K, reserved 1179648K
  class space    used 9391K, committed 9920K, reserved 1048576K
}
Event: 7396.101 GC heap before
{Heap before GC invocations=2822 (full 55):
 PSYoungGen      total 14848K, used 14578K [0x00000000eab00000, 0x00000000ec280000, 0x0000000100000000)
  eden space 8192K, 100% used [0x00000000eab00000,0x00000000eb300000,0x00000000eb300000)
  from space 6656K, 95% used [0x00000000ebc00000,0x00000000ec23c980,0x00000000ec280000)
  to   space 7680K, 0% used [0x00000000eb380000,0x00000000eb380000,0x00000000ebb00000)
 ParOldGen       total 112640K, used 102585K [0x00000000c0000000, 0x00000000c6e00000, 0x00000000eab00000)
  object space 112640K, 91% used [0x00000000c0000000,0x00000000c642e6c0,0x00000000c6e00000)
 Metaspace       used 93080K, committed 94272K, reserved 1179648K
  class space    used 9391K, committed 9920K, reserved 1048576K
}
Event: 7396.101 GC heap after
{Heap after GC invocations=2822 (full 55):
 PSYoungGen      total 11776K, used 3472K [0x00000000eab00000, 0x00000000ebd00000, 0x0000000100000000)
  eden space 8192K, 0% used [0x00000000eab00000,0x00000000eab00000,0x00000000eb300000)
  from space 3584K, 96% used [0x00000000eb380000,0x00000000eb6e40d0,0x00000000eb700000)
  to   space 5120K, 0% used [0x00000000eb800000,0x00000000eb800000,0x00000000ebd00000)
 ParOldGen       total 112640K, used 102585K [0x00000000c0000000, 0x00000000c6e00000, 0x00000000eab00000)
  object space 112640K, 91% used [0x00000000c0000000,0x00000000c642e6c0,0x00000000c6e00000)
 Metaspace       used 93080K, committed 94272K, reserved 1179648K
  class space    used 9391K, committed 9920K, reserved 1048576K
}
Event: 7396.111 GC heap before
{Heap before GC invocations=2823 (full 55):
 PSYoungGen      total 11776K, used 11664K [0x00000000eab00000, 0x00000000ebd00000, 0x0000000100000000)
  eden space 8192K, 100% used [0x00000000eab00000,0x00000000eb300000,0x00000000eb300000)
  from space 3584K, 96% used [0x00000000eb380000,0x00000000eb6e40d0,0x00000000eb700000)
  to   space 5120K, 0% used [0x00000000eb800000,0x00000000eb800000,0x00000000ebd00000)
 ParOldGen       total 112640K, used 102585K [0x00000000c0000000, 0x00000000c6e00000, 0x00000000eab00000)
  object space 112640K, 91% used [0x00000000c0000000,0x00000000c642e6c0,0x00000000c6e00000)
 Metaspace       used 93080K, committed 94272K, reserved 1179648K
  class space    used 9391K, committed 9920K, reserved 1048576K
}
Event: 7396.112 GC heap after
{Heap after GC invocations=2823 (full 55):
 PSYoungGen      total 13312K, used 4848K [0x00000000eab00000, 0x00000000ebd00000, 0x0000000100000000)
  eden space 8192K, 0% used [0x00000000eab00000,0x00000000eab00000,0x00000000eb300000)
  from space 5120K, 94% used [0x00000000eb800000,0x00000000ebcbc0d0,0x00000000ebd00000)
  to   space 5120K, 0% used [0x00000000eb300000,0x00000000eb300000,0x00000000eb800000)
 ParOldGen       total 112640K, used 102809K [0x00000000c0000000, 0x00000000c6e00000, 0x00000000eab00000)
  object space 112640K, 91% used [0x00000000c0000000,0x00000000c64666c0,0x00000000c6e00000)
 Metaspace       used 93080K, committed 94272K, reserved 1179648K
  class space    used 9391K, committed 9920K, reserved 1048576K
}
Event: 7396.304 GC heap before
{Heap before GC invocations=2824 (full 55):
 PSYoungGen      total 13312K, used 13040K [0x00000000eab00000, 0x00000000ebd00000, 0x0000000100000000)
  eden space 8192K, 99% used [0x00000000eab00000,0x00000000eb2fff50,0x00000000eb300000)
  from space 5120K, 94% used [0x00000000eb800000,0x00000000ebcbc0d0,0x00000000ebd00000)
  to   space 5120K, 0% used [0x00000000eb300000,0x00000000eb300000,0x00000000eb800000)
 ParOldGen       total 112640K, used 102809K [0x00000000c0000000, 0x00000000c6e00000, 0x00000000eab00000)
  object space 112640K, 91% used [0x00000000c0000000,0x00000000c64666c0,0x00000000c6e00000)
 Metaspace       used 93080K, committed 94272K, reserved 1179648K
  class space    used 9391K, committed 9920K, reserved 1048576K
}
Event: 7396.305 GC heap after
{Heap after GC invocations=2824 (full 55):
 PSYoungGen      total 12288K, used 4032K [0x00000000eab00000, 0x00000000ebc00000, 0x0000000100000000)
  eden space 8192K, 0% used [0x00000000eab00000,0x00000000eab00000,0x00000000eb300000)
  from space 4096K, 98% used [0x00000000eb300000,0x00000000eb6f00e0,0x00000000eb700000)
  to   space 4608K, 0% used [0x00000000eb780000,0x00000000eb780000,0x00000000ebc00000)
 ParOldGen       total 112640K, used 102825K [0x00000000c0000000, 0x00000000c6e00000, 0x00000000eab00000)
  object space 112640K, 91% used [0x00000000c0000000,0x00000000c646a6c0,0x00000000c6e00000)
 Metaspace       used 93080K, committed 94272K, reserved 1179648K
  class space    used 9391K, committed 9920K, reserved 1048576K
}
Event: 7396.573 GC heap before
{Heap before GC invocations=2825 (full 55):
 PSYoungGen      total 12288K, used 12224K [0x00000000eab00000, 0x00000000ebc00000, 0x0000000100000000)
  eden space 8192K, 100% used [0x00000000eab00000,0x00000000eb300000,0x00000000eb300000)
  from space 4096K, 98% used [0x00000000eb300000,0x00000000eb6f00e0,0x00000000eb700000)
  to   space 4608K, 0% used [0x00000000eb780000,0x00000000eb780000,0x00000000ebc00000)
 ParOldGen       total 112640K, used 102825K [0x00000000c0000000, 0x00000000c6e00000, 0x00000000eab00000)
  object space 112640K, 91% used [0x00000000c0000000,0x00000000c646a6c0,0x00000000c6e00000)
 Metaspace       used 93080K, committed 94272K, reserved 1179648K
  class space    used 9391K, committed 9920K, reserved 1048576K
}
Event: 7396.573 GC heap after
{Heap after GC invocations=2825 (full 55):
 PSYoungGen      total 12800K, used 4512K [0x00000000eab00000, 0x00000000ebc00000, 0x0000000100000000)
  eden space 8192K, 0% used [0x00000000eab00000,0x00000000eab00000,0x00000000eb300000)
  from space 4608K, 97% used [0x00000000eb780000,0x00000000ebbe80e0,0x00000000ebc00000)
  to   space 4608K, 0% used [0x00000000eb300000,0x00000000eb300000,0x00000000eb780000)
 ParOldGen       total 112640K, used 103279K [0x00000000c0000000, 0x00000000c6e00000, 0x00000000eab00000)
  object space 112640K, 91% used [0x00000000c0000000,0x00000000c64dbf28,0x00000000c6e00000)
 Metaspace       used 93080K, committed 94272K, reserved 1179648K
  class space    used 9391K, committed 9920K, reserved 1048576K
}
Event: 7396.795 GC heap before
{Heap before GC invocations=2826 (full 55):
 PSYoungGen      total 12800K, used 12704K [0x00000000eab00000, 0x00000000ebc00000, 0x0000000100000000)
  eden space 8192K, 100% used [0x00000000eab00000,0x00000000eb300000,0x00000000eb300000)
  from space 4608K, 97% used [0x00000000eb780000,0x00000000ebbe80e0,0x00000000ebc00000)
  to   space 4608K, 0% used [0x00000000eb300000,0x00000000eb300000,0x00000000eb780000)
 ParOldGen       total 112640K, used 103279K [0x00000000c0000000, 0x00000000c6e00000, 0x00000000eab00000)
  object space 112640K, 91% used [0x00000000c0000000,0x00000000c64dbf28,0x00000000c6e00000)
 Metaspace       used 93080K, committed 94272K, reserved 1179648K
  class space    used 9391K, committed 9920K, reserved 1048576K
}
Event: 7396.796 GC heap after
{Heap after GC invocations=2826 (full 55):
 PSYoungGen      total 12800K, used 4578K [0x00000000eab00000, 0x00000000ec100000, 0x0000000100000000)
  eden space 8192K, 0% used [0x00000000eab00000,0x00000000eab00000,0x00000000eb300000)
  from space 4608K, 99% used [0x00000000eb300000,0x00000000eb778950,0x00000000eb780000)
  to   space 7168K, 0% used [0x00000000eba00000,0x00000000eba00000,0x00000000ec100000)
 ParOldGen       total 112640K, used 105103K [0x00000000c0000000, 0x00000000c6e00000, 0x00000000eab00000)
  object space 112640K, 93% used [0x00000000c0000000,0x00000000c66a3f28,0x00000000c6e00000)
 Metaspace       used 93080K, committed 94272K, reserved 1179648K
  class space    used 9391K, committed 9920K, reserved 1048576K
}
Event: 7396.806 GC heap before
{Heap before GC invocations=2827 (full 55):
 PSYoungGen      total 12800K, used 12770K [0x00000000eab00000, 0x00000000ec100000, 0x0000000100000000)
  eden space 8192K, 100% used [0x00000000eab00000,0x00000000eb300000,0x00000000eb300000)
  from space 4608K, 99% used [0x00000000eb300000,0x00000000eb778950,0x00000000eb780000)
  to   space 7168K, 0% used [0x00000000eba00000,0x00000000eba00000,0x00000000ec100000)
 ParOldGen       total 112640K, used 105103K [0x00000000c0000000, 0x00000000c6e00000, 0x00000000eab00000)
  object space 112640K, 93% used [0x00000000c0000000,0x00000000c66a3f28,0x00000000c6e00000)
 Metaspace       used 93080K, committed 94272K, reserved 1179648K
  class space    used 9391K, committed 9920K, reserved 1048576K
}
Event: 7396.807 GC heap after
{Heap after GC invocations=2827 (full 55):
 PSYoungGen      total 14848K, used 6210K [0x00000000eab00000, 0x00000000ec080000, 0x0000000100000000)
  eden space 8192K, 0% used [0x00000000eab00000,0x00000000eab00000,0x00000000eb300000)
  from space 6656K, 93% used [0x00000000eba00000,0x00000000ec010970,0x00000000ec080000)
  to   space 6656K, 0% used [0x00000000eb380000,0x00000000eb380000,0x00000000eba00000)
 ParOldGen       total 112640K, used 105143K [0x00000000c0000000, 0x00000000c6e00000, 0x00000000eab00000)
  object space 112640K, 93% used [0x00000000c0000000,0x00000000c66adf28,0x00000000c6e00000)
 Metaspace       used 93080K, committed 94272K, reserved 1179648K
  class space    used 9391K, committed 9920K, reserved 1048576K
}
Event: 7397.046 GC heap before
{Heap before GC invocations=2828 (full 55):
 PSYoungGen      total 14848K, used 14402K [0x00000000eab00000, 0x00000000ec080000, 0x0000000100000000)
  eden space 8192K, 100% used [0x00000000eab00000,0x00000000eb300000,0x00000000eb300000)
  from space 6656K, 93% used [0x00000000eba00000,0x00000000ec010970,0x00000000ec080000)
  to   space 6656K, 0% used [0x00000000eb380000,0x00000000eb380000,0x00000000eba00000)
 ParOldGen       total 112640K, used 105143K [0x00000000c0000000, 0x00000000c6e00000, 0x00000000eab00000)
  object space 112640K, 93% used [0x00000000c0000000,0x00000000c66adf28,0x00000000c6e00000)
 Metaspace       used 93082K, committed 94272K, reserved 1179648K
  class space    used 9391K, committed 9920K, reserved 1048576K
}
Event: 7397.047 GC heap after
{Heap after GC invocations=2828 (full 55):
 PSYoungGen      total 13824K, used 5522K [0x00000000eab00000, 0x00000000ebf00000, 0x0000000100000000)
  eden space 8192K, 0% used [0x00000000eab00000,0x00000000eab00000,0x00000000eb300000)
  from space 5632K, 98% used [0x00000000eb380000,0x00000000eb8e4980,0x00000000eb900000)
  to   space 6144K, 0% used [0x00000000eb900000,0x00000000eb900000,0x00000000ebf00000)
 ParOldGen       total 112640K, used 105143K [0x00000000c0000000, 0x00000000c6e00000, 0x00000000eab00000)
  object space 112640K, 93% used [0x00000000c0000000,0x00000000c66adf28,0x00000000c6e00000)
 Metaspace       used 93082K, committed 94272K, reserved 1179648K
  class space    used 9391K, committed 9920K, reserved 1048576K
}
Event: 7397.057 GC heap before
{Heap before GC invocations=2829 (full 55):
 PSYoungGen      total 13824K, used 13685K [0x00000000eab00000, 0x00000000ebf00000, 0x0000000100000000)
  eden space 8192K, 99% used [0x00000000eab00000,0x00000000eb2f8de8,0x00000000eb300000)
  from space 5632K, 98% used [0x00000000eb380000,0x00000000eb8e4980,0x00000000eb900000)
  to   space 6144K, 0% used [0x00000000eb900000,0x00000000eb900000,0x00000000ebf00000)
 ParOldGen       total 112640K, used 105143K [0x00000000c0000000, 0x00000000c6e00000, 0x00000000eab00000)
  object space 112640K, 93% used [0x00000000c0000000,0x00000000c66adf28,0x00000000c6e00000)
 Metaspace       used 93082K, committed 94272K, reserved 1179648K
  class space    used 9391K, committed 9920K, reserved 1048576K
}
Event: 7397.058 GC heap after
{Heap after GC invocations=2829 (full 55):
 PSYoungGen      total 12288K, used 4049K [0x00000000eab00000, 0x00000000ebd00000, 0x0000000100000000)
  eden space 8192K, 0% used [0x00000000eab00000,0x00000000eab00000,0x00000000eb300000)
  from space 4096K, 98% used [0x00000000eb900000,0x00000000ebcf44d8,0x00000000ebd00000)
  to   space 5120K, 0% used [0x00000000eb300000,0x00000000eb300000,0x00000000eb800000)
 ParOldGen       total 112640K, used 106016K [0x00000000c0000000, 0x00000000c6e00000, 0x00000000eab00000)
  object space 112640K, 94% used [0x00000000c0000000,0x00000000c67881d8,0x00000000c6e00000)
 Metaspace       used 93082K, committed 94272K, reserved 1179648K
  class space    used 9391K, committed 9920K, reserved 1048576K
}
Event: 7398.682 GC heap before
{Heap before GC invocations=2830 (full 55):
 PSYoungGen      total 12288K, used 12241K [0x00000000eab00000, 0x00000000ebd00000, 0x0000000100000000)
  eden space 8192K, 100% used [0x00000000eab00000,0x00000000eb300000,0x00000000eb300000)
  from space 4096K, 98% used [0x00000000eb900000,0x00000000ebcf44d8,0x00000000ebd00000)
  to   space 5120K, 0% used [0x00000000eb300000,0x00000000eb300000,0x00000000eb800000)
 ParOldGen       total 112640K, used 106016K [0x00000000c0000000, 0x00000000c6e00000, 0x00000000eab00000)
  object space 112640K, 94% used [0x00000000c0000000,0x00000000c67881d8,0x00000000c6e00000)
 Metaspace       used 93082K, committed 94272K, reserved 1179648K
  class space    used 9391K, committed 9920K, reserved 1048576K
}

